<?xml version="1.0" encoding="UTF-8"?>
<!-- Generated by org.testng.reporters.JUnitReportReporter -->
<testsuite hostname="DESKTOP-8C0LO3K" failures="0" tests="2" name="learnTestNG.WebTesting" time="0.005" errors="0" timestamp="2024-06-12T19:57:34 IST" skipped="0">
  <testcase classname="learnTestNG.WebTesting" name="firstWebTest" time="0.003"/>
  <testcase classname="learnTestNG.WebTesting" name="secondWebTest" time="0.002"/>
</testsuite> <!-- learnTestNG.WebTesting -->
