<?xml version="1.0" encoding="UTF-8"?>
<!-- Generated by org.testng.reporters.JUnitReportReporter -->
<testsuite hostname="DESKTOP-8C0LO3K" failures="0" tests="2" name="dataProviders.LearnDataProviders" time="0.010" errors="0" timestamp="2024-06-13T19:48:59 IST" skipped="0">
  <testcase classname="dataProviders.LearnDataProviders" name="mytest" time="0.001"/>
  <testcase classname="dataProviders.LearnDataProviders" name="mytest" time="0.009"/>
</testsuite> <!-- dataProviders.LearnDataProviders -->
