<?xml version="1.0" encoding="UTF-8"?>
<!-- Generated by org.testng.reporters.JUnitReportReporter -->
<testsuite hostname="DESKTOP-8C0LO3K" failures="0" tests="2" name="learnTestNG.MobileTesting" time="0.003" errors="0" timestamp="2024-06-13T19:34:29 IST" skipped="0">
  <testcase classname="learnTestNG.MobileTesting" name="secondMobileTest" time="0.001"/>
  <testcase classname="learnTestNG.MobileTesting" name="firstMobileTest" time="0.002"/>
</testsuite> <!-- learnTestNG.MobileTesting -->
