<?xml version="1.0" encoding="UTF-8"?>
<!-- Generated by org.testng.reporters.JUnitReportReporter -->
<testsuite hostname="DESKTOP-8C0LO3K" failures="0" tests="3" name="Reporting.LearnReports" time="4.112" errors="0" timestamp="2024-06-27T19:34:20 IST" skipped="0">
  <testcase classname="Reporting.LearnReports" name="mytest3" time="0.002"/>
  <testcase classname="Reporting.LearnReports" name="mytest2" time="1.718"/>
  <testcase classname="Reporting.LearnReports" name="mytest1" time="2.392"/>
</testsuite> <!-- Reporting.LearnReports -->
