<?xml version="1.0" encoding="UTF-8"?>
<!-- Generated by org.testng.reporters.JUnitReportReporter -->
<testsuite hostname="DESKTOP-8C0LO3K" failures="0" tests="1" name="javaBasics.LearnHashMap" time="0.029" errors="0" timestamp="2024-06-20T19:39:10 IST" skipped="0">
  <testcase classname="javaBasics.LearnHashMap" name="learnHashMap" time="0.029"/>
</testsuite> <!-- javaBasics.LearnHashMap -->
