<?xml version="1.0" encoding="UTF-8"?>
<!-- Generated by org.testng.reporters.JUnitReportReporter -->
<testsuite hostname="DESKTOP-8C0LO3K" failures="0" tests="1" name="uiComponents.LearnScreenshot" time="0.071" errors="0" timestamp="2024-06-14T19:50:17 IST" skipped="0">
  <testcase classname="uiComponents.LearnScreenshot" name="getCurrentDateTime" time="0.071"/>
</testsuite> <!-- uiComponents.LearnScreenshot -->
