<?xml version="1.0" encoding="UTF-8"?>
<!-- Generated by org.testng.reporters.JUnitReportReporter -->
<testsuite hostname="DESKTOP-8C0LO3K" failures="0" tests="1" name="learnAssertions.LearnHardAssert" time="0.008" errors="0" timestamp="2024-06-14T19:25:48 IST" skipped="0">
  <testcase classname="learnAssertions.LearnHardAssert" name="hardAssert" time="0.008"/>
</testsuite> <!-- learnAssertions.LearnHardAssert -->
