<?xml version="1.0" encoding="UTF-8"?>
<!-- Generated by org.testng.reporters.JUnitReportReporter -->
<testsuite hostname="DESKTOP-8C0LO3K" failures="0" tests="1" name="uiComponents.AlertHandling" time="10.126" errors="0" timestamp="2024-07-02T19:49:12 IST" skipped="0">
  <testcase classname="uiComponents.AlertHandling" name="handleJSAlert" time="10.126"/>
</testsuite> <!-- uiComponents.AlertHandling -->
