<?xml version="1.0" encoding="UTF-8"?>
<!-- Generated by org.testng.reporters.JUnitReportReporter -->
<testsuite hostname="DESKTOP-8C0LO3K" failures="0" tests="1" name="uiComponents.RealTest" time="4.688" errors="0" timestamp="2024-06-14T19:28:37 IST" skipped="0">
  <testcase classname="uiComponents.RealTest" name="myrealTest" time="4.688"/>
</testsuite> <!-- uiComponents.RealTest -->
